Connecting to database specified by database.yml
Connecting to database specified by database.yml


Started GET "/" for 127.0.0.1 at 2015-08-02 12:51:03 -0300
Processing by HomeController#index as HTML
  Rendered home/index.html.erb (13.6ms)
Completed 200 OK in 39.9ms (Views: 37.6ms | ActiveRecord: 0.0ms)


Started GET "/videos/aaaaaaaaa.json" for 127.0.0.1 at 2015-08-02 12:51:15 -0300
Processing by VideoController#gera_video as JSON
  Parameters: {"caminho"=>"aaaaaaaaa"}
  [1m[36m (0.1ms)[0m  [1mBEGIN[0m
  [1m[35mSQL (0.4ms)[0m  INSERT INTO `videos` (`created_at`, `path`, `status`, `token`, `updated_at`) VALUES ('2015-08-02 15:51:15', 'aaaaaaaaa', 0, 'PuZ_q513bub5nnrH0qa5Wsol36I&e=1438531275', '2015-08-02 15:51:15')
  [1m[36m (1.1ms)[0m  [1mCOMMIT[0m
Completed 200 OK in 156.8ms (Views: 0.2ms | ActiveRecord: 93.4ms)


Started GET "/" for 127.0.0.1 at 2015-08-02 12:51:27 -0300
Processing by HomeController#index as HTML
  Rendered home/index.html.erb (0.0ms)
Completed 200 OK in 5.2ms (Views: 3.3ms | ActiveRecord: 0.0ms)


Started GET "/" for 127.0.0.1 at 2015-08-02 12:51:32 -0300
Processing by HomeController#index as HTML
  Rendered home/index.html.erb (0.1ms)
Completed 200 OK in 8.5ms (Views: 5.2ms | ActiveRecord: 0.0ms)
